<?xml version="1.0" encoding="UTF-8"?>
<!-- Generated by org.testng.reporters.JUnitXMLReporter -->
<testsuite hostname="DESKTOP-QUD63Q9" failures="1" tests="1" name="Test" time="0.532" errors="0" timestamp="9 Jan 2023 07:01:02 GMT">
  <testcase classname="crudOperatuin.PostARequest" name="postingRequest" time="0.492">
    <failure type="java.lang.NoClassDefFoundError" message="javax/xml/bind/JAXBException">
      <![CDATA[java.lang.NoClassDefFoundError: javax/xml/bind/JAXBException
	at io.restassured.config.ObjectMapperConfig.<init>(ObjectMapperConfig.java:49)
	at io.restassured.config.RestAssuredConfig.<init>(RestAssuredConfig.java:41)
	at io.restassured.RestAssured.<clinit>(RestAssured.java:420)
	at crudOperatuin.PostARequest.postingRequest(PostARequest.java:24)
Caused by: java.lang.ClassNotFoundException: javax.xml.bind.JAXBException
	at java.base/jdk.internal.loader.BuiltinClassLoader.loadClass(BuiltinClassLoader.java:636)
	at java.base/jdk.internal.loader.ClassLoaders$AppClassLoader.loadClass(ClassLoaders.java:182)
	at java.base/java.lang.ClassLoader.loadClass(ClassLoader.java:519)
	... 28 more
... Removed 24 stack frames]]>
    </failure>
  </testcase> <!-- postingRequest -->
</testsuite> <!-- Test -->
