<?xml version="1.0" encoding="UTF-8"?>
<testng-results ignored="0" total="1" passed="1" failed="0" skipped="0">
  <reporter-output>
  </reporter-output>
  <suite started-at="2023-01-18T17:10:08 IST" name="Default suite" finished-at="2023-01-18T17:10:18 IST" duration-ms="9717">
    <groups>
    </groups>
    <test started-at="2023-01-18T17:10:08 IST" name="Default test" finished-at="2023-01-18T17:10:18 IST" duration-ms="9717">
      <class name="GitHubPractice.GetAllRepo">
        <test-method signature="getAllRepo()[pri:0, instance:GitHubPractice.GetAllRepo@5ace1ed4]" started-at="2023-01-18T17:10:08 IST" name="getAllRepo" finished-at="2023-01-18T17:10:17 IST" duration-ms="9578" status="PASS">
          <reporter-output>
          </reporter-output>
        </test-method> <!-- getAllRepo -->
      </class> <!-- GitHubPractice.GetAllRepo -->
    </test> <!-- Default test -->
  </suite> <!-- Default suite -->
</testng-results>
